c:\work\project\apps\trunk\ft600_usb_host_sw_d3xx\apiusagedemoapp\source\apiusagedemoapp_dll\debug\ft600apiusagedemoapp_dll.pch
c:\work\project\apps\trunk\ft600_usb_host_sw_d3xx\apiusagedemoapp\source\apiusagedemoapp_dll\debug\vc143.pdb
c:\work\project\apps\trunk\ft600_usb_host_sw_d3xx\apiusagedemoapp\source\apiusagedemoapp_dll\debug\vc143.idb
c:\work\project\apps\trunk\ft600_usb_host_sw_d3xx\apiusagedemoapp\source\apiusagedemoapp_dll\debug\stdafx.obj
c:\work\project\apps\trunk\ft600_usb_host_sw_d3xx\apiusagedemoapp\source\apiusagedemoapp_dll\debug\ftd3xx_suspendtimeout.obj
c:\work\project\apps\trunk\ft600_usb_host_sw_d3xx\apiusagedemoapp\source\apiusagedemoapp_dll\debug\ftd3xx_rwtimeout.obj
c:\work\project\apps\trunk\ft600_usb_host_sw_d3xx\apiusagedemoapp\source\apiusagedemoapp_dll\debug\ftd3xx_openclose.obj
c:\work\project\apps\trunk\ft600_usb_host_sw_d3xx\apiusagedemoapp\source\apiusagedemoapp_dll\debug\ftd3xx_loopbacktransfers.obj
c:\work\project\apps\trunk\ft600_usb_host_sw_d3xx\apiusagedemoapp\source\apiusagedemoapp_dll\debug\ftd3xx_notificationdata.obj
c:\work\project\apps\trunk\ft600_usb_host_sw_d3xx\apiusagedemoapp\source\apiusagedemoapp_dll\debug\ftd3xx_multipledevices.obj
c:\work\project\apps\trunk\ft600_usb_host_sw_d3xx\apiusagedemoapp\source\apiusagedemoapp_dll\debug\ftd3xx_logger.obj
c:\work\project\apps\trunk\ft600_usb_host_sw_d3xx\apiusagedemoapp\source\apiusagedemoapp_dll\debug\ftd3xx_hotplug.obj
c:\work\project\apps\trunk\ft600_usb_host_sw_d3xx\apiusagedemoapp\source\apiusagedemoapp_dll\debug\ftd3xx_gpio.obj
c:\work\project\apps\trunk\ft600_usb_host_sw_d3xx\apiusagedemoapp\source\apiusagedemoapp_dll\debug\ftd3xx_descriptors.obj
c:\work\project\apps\trunk\ft600_usb_host_sw_d3xx\apiusagedemoapp\source\apiusagedemoapp_dll\debug\ftd3xx_demoapplication.obj
c:\work\project\apps\trunk\ft600_usb_host_sw_d3xx\apiusagedemoapp\source\apiusagedemoapp_dll\debug\ftd3xx_chipconfiguration.obj
c:\work\project\apps\trunk\ft600_usb_host_sw_d3xx\apiusagedemoapp\source\apiusagedemoapp_dll\debug\ftd3xx_batterycharging.obj
c:\work\project\apps\trunk\ft600_usb_host_sw_d3xx\apiusagedemoapp\source\apiusagedemoapp_dll\debug\ft600apiusagedemoapp_dll.ilk
c:\work\project\apps\trunk\ft600_usb_host_sw_d3xx\apiusagedemoapp\source\binaries\win32\debug\ft600apiusagedemoapp_dll.exe
c:\work\project\apps\trunk\ft600_usb_host_sw_d3xx\apiusagedemoapp\source\binaries\win32\debug\ft600apiusagedemoapp_dll.pdb
c:\work\project\apps\trunk\ft600_usb_host_sw_d3xx\apiusagedemoapp\source\apiusagedemoapp_dll\debug\apiusage.446d19e6.tlog\cl.command.1.tlog
c:\work\project\apps\trunk\ft600_usb_host_sw_d3xx\apiusagedemoapp\source\apiusagedemoapp_dll\debug\apiusage.446d19e6.tlog\cl.read.1.tlog
c:\work\project\apps\trunk\ft600_usb_host_sw_d3xx\apiusagedemoapp\source\apiusagedemoapp_dll\debug\apiusage.446d19e6.tlog\cl.write.1.tlog
c:\work\project\apps\trunk\ft600_usb_host_sw_d3xx\apiusagedemoapp\source\apiusagedemoapp_dll\debug\apiusage.446d19e6.tlog\link.command.1.tlog
c:\work\project\apps\trunk\ft600_usb_host_sw_d3xx\apiusagedemoapp\source\apiusagedemoapp_dll\debug\apiusage.446d19e6.tlog\link.read.1.tlog
c:\work\project\apps\trunk\ft600_usb_host_sw_d3xx\apiusagedemoapp\source\apiusagedemoapp_dll\debug\apiusage.446d19e6.tlog\link.write.1.tlog
