c:\work\project\apps\trunk\ft600_usb_host_sw_d3xx\apiusagedemoapp\source\apiusagedemoapp\debug\ft600apiusagedemoapp.pch
c:\work\project\apps\trunk\ft600_usb_host_sw_d3xx\apiusagedemoapp\source\apiusagedemoapp\debug\vc143.pdb
c:\work\project\apps\trunk\ft600_usb_host_sw_d3xx\apiusagedemoapp\source\apiusagedemoapp\debug\vc143.idb
c:\work\project\apps\trunk\ft600_usb_host_sw_d3xx\apiusagedemoapp\source\apiusagedemoapp\debug\stdafx.obj
c:\work\project\apps\trunk\ft600_usb_host_sw_d3xx\apiusagedemoapp\source\apiusagedemoapp\debug\ftd3xx_suspendtimeout.obj
c:\work\project\apps\trunk\ft600_usb_host_sw_d3xx\apiusagedemoapp\source\apiusagedemoapp\debug\ftd3xx_rwtimeout.obj
c:\work\project\apps\trunk\ft600_usb_host_sw_d3xx\apiusagedemoapp\source\apiusagedemoapp\debug\ftd3xx_openclose.obj
c:\work\project\apps\trunk\ft600_usb_host_sw_d3xx\apiusagedemoapp\source\apiusagedemoapp\debug\ftd3xx_notificationdata.obj
c:\work\project\apps\trunk\ft600_usb_host_sw_d3xx\apiusagedemoapp\source\apiusagedemoapp\debug\ftd3xx_multipledevices.obj
c:\work\project\apps\trunk\ft600_usb_host_sw_d3xx\apiusagedemoapp\source\apiusagedemoapp\debug\ftd3xx_loopbacktransfers.obj
c:\work\project\apps\trunk\ft600_usb_host_sw_d3xx\apiusagedemoapp\source\apiusagedemoapp\debug\ftd3xx_logger.obj
c:\work\project\apps\trunk\ft600_usb_host_sw_d3xx\apiusagedemoapp\source\apiusagedemoapp\debug\ftd3xx_hotplug.obj
c:\work\project\apps\trunk\ft600_usb_host_sw_d3xx\apiusagedemoapp\source\apiusagedemoapp\debug\ftd3xx_gpio.obj
c:\work\project\apps\trunk\ft600_usb_host_sw_d3xx\apiusagedemoapp\source\apiusagedemoapp\debug\ftd3xx_descriptors.obj
c:\work\project\apps\trunk\ft600_usb_host_sw_d3xx\apiusagedemoapp\source\apiusagedemoapp\debug\ftd3xx_demoapplication.obj
c:\work\project\apps\trunk\ft600_usb_host_sw_d3xx\apiusagedemoapp\source\apiusagedemoapp\debug\ftd3xx_chipconfiguration.obj
c:\work\project\apps\trunk\ft600_usb_host_sw_d3xx\apiusagedemoapp\source\apiusagedemoapp\debug\ftd3xx_batterycharging.obj
c:\work\project\apps\trunk\ft600_usb_host_sw_d3xx\apiusagedemoapp\source\binaries\win32\debug\ft600apiusagedemoapp.exe
c:\work\project\apps\trunk\ft600_usb_host_sw_d3xx\apiusagedemoapp\source\apiusagedemoapp\debug\ft600apiusagedemoapp.ilk
c:\work\project\apps\trunk\ft600_usb_host_sw_d3xx\apiusagedemoapp\source\binaries\win32\debug\ft600apiusagedemoapp.pdb
c:\work\project\apps\trunk\ft600_usb_host_sw_d3xx\apiusagedemoapp\source\apiusagedemoapp\debug\ftd3xx_chipconfiguration.obj.enc
c:\work\project\apps\trunk\ft600_usb_host_sw_d3xx\apiusagedemoapp\source\\binaries\win32\debug\ft600apiusagedemoapp.pdb
c:\work\project\apps\trunk\ft600_usb_host_sw_d3xx\apiusagedemoapp\source\apiusagedemoapp\debug\apiusagedemoapp.tlog\cl.command.1.tlog
c:\work\project\apps\trunk\ft600_usb_host_sw_d3xx\apiusagedemoapp\source\apiusagedemoapp\debug\apiusagedemoapp.tlog\cl.items.tlog
c:\work\project\apps\trunk\ft600_usb_host_sw_d3xx\apiusagedemoapp\source\apiusagedemoapp\debug\apiusagedemoapp.tlog\cl.read.1.tlog
c:\work\project\apps\trunk\ft600_usb_host_sw_d3xx\apiusagedemoapp\source\apiusagedemoapp\debug\apiusagedemoapp.tlog\cl.write.1.tlog
c:\work\project\apps\trunk\ft600_usb_host_sw_d3xx\apiusagedemoapp\source\apiusagedemoapp\debug\apiusagedemoapp.tlog\link.command.1.tlog
c:\work\project\apps\trunk\ft600_usb_host_sw_d3xx\apiusagedemoapp\source\apiusagedemoapp\debug\apiusagedemoapp.tlog\link.read.1.tlog
c:\work\project\apps\trunk\ft600_usb_host_sw_d3xx\apiusagedemoapp\source\apiusagedemoapp\debug\apiusagedemoapp.tlog\link.write.1.tlog
